{"D:\\CareWave\\e23-co2060-stress-detection-and-analyzing-system\\backend\\src\\controllers\\dailyCheckInController.js": {"path":"D:\\CareWave\\e23-co2060-stress-detection-and-analyzing-system\\backend\\src\\controllers\\dailyCheckInController.js","statementMap":{"0":{"start":{"line":12,"column":29},"end":{"line":102,"column":1}},"1":{"start":{"line":13,"column":2},"end":{"line":101,"column":3}},"2":{"start":{"line":14,"column":19},"end":{"line":14,"column":31}},"3":{"start":{"line":22,"column":8},"end":{"line":22,"column":16}},"4":{"start":{"line":25,"column":4},"end":{"line":34,"column":5}},"5":{"start":{"line":33,"column":6},"end":{"line":33,"column":75}},"6":{"start":{"line":37,"column":18},"end":{"line":37,"column":56}},"7":{"start":{"line":40,"column":28},"end":{"line":40,"column":79}},"8":{"start":{"line":41,"column":4},"end":{"line":43,"column":5}},"9":{"start":{"line":42,"column":6},"end":{"line":42,"column":88}},"10":{"start":{"line":46,"column":25},"end":{"line":48,"column":15}},"11":{"start":{"line":51,"column":32},"end":{"line":52,"column":30}},"12":{"start":{"line":55,"column":23},"end":{"line":64,"column":6}},"13":{"start":{"line":67,"column":25},"end":{"line":67,"column":91}},"14":{"start":{"line":69,"column":4},"end":{"line":69,"column":50}},"15":{"start":{"line":70,"column":4},"end":{"line":70,"column":50}},"16":{"start":{"line":71,"column":4},"end":{"line":71,"column":54}},"17":{"start":{"line":72,"column":4},"end":{"line":72,"column":70}},"18":{"start":{"line":75,"column":27},"end":{"line":75,"column":58}},"19":{"start":{"line":77,"column":4},"end":{"line":88,"column":5}},"20":{"start":{"line":78,"column":6},"end":{"line":78,"column":48}},"21":{"start":{"line":80,"column":6},"end":{"line":87,"column":9}},"22":{"start":{"line":90,"column":4},"end":{"line":90,"column":28}},"23":{"start":{"line":92,"column":4},"end":{"line":97,"column":7}},"24":{"start":{"line":99,"column":4},"end":{"line":99,"column":53}},"25":{"start":{"line":100,"column":4},"end":{"line":100,"column":54}},"26":{"start":{"line":109,"column":33},"end":{"line":121,"column":1}},"27":{"start":{"line":110,"column":2},"end":{"line":120,"column":3}},"28":{"start":{"line":111,"column":19},"end":{"line":111,"column":31}},"29":{"start":{"line":112,"column":20},"end":{"line":114,"column":16}},"30":{"start":{"line":116,"column":4},"end":{"line":116,"column":34}},"31":{"start":{"line":118,"column":4},"end":{"line":118,"column":61}},"32":{"start":{"line":119,"column":4},"end":{"line":119,"column":54}},"33":{"start":{"line":128,"column":36},"end":{"line":139,"column":1}},"34":{"start":{"line":129,"column":2},"end":{"line":138,"column":3}},"35":{"start":{"line":130,"column":19},"end":{"line":130,"column":31}},"36":{"start":{"line":131,"column":18},"end":{"line":131,"column":56}},"37":{"start":{"line":132,"column":20},"end":{"line":132,"column":71}},"38":{"start":{"line":134,"column":4},"end":{"line":134,"column":51}},"39":{"start":{"line":136,"column":4},"end":{"line":136,"column":61}},"40":{"start":{"line":137,"column":4},"end":{"line":137,"column":54}}},"fnMap":{"0":{"name":"(anonymous_0)","decl":{"start":{"line":12,"column":29},"end":{"line":12,"column":30}},"loc":{"start":{"line":12,"column":49},"end":{"line":102,"column":1}},"line":12},"1":{"name":"(anonymous_1)","decl":{"start":{"line":109,"column":33},"end":{"line":109,"column":34}},"loc":{"start":{"line":109,"column":53},"end":{"line":121,"column":1}},"line":109},"2":{"name":"(anonymous_2)","decl":{"start":{"line":128,"column":36},"end":{"line":128,"column":37}},"loc":{"start":{"line":128,"column":56},"end":{"line":139,"column":1}},"line":128}},"branchMap":{"0":{"loc":{"start":{"line":25,"column":4},"end":{"line":34,"column":5}},"type":"if","locations":[{"start":{"line":25,"column":4},"end":{"line":34,"column":5}},{"start":{},"end":{}}],"line":25},"1":{"loc":{"start":{"line":26,"column":6},"end":{"line":31,"column":43}},"type":"binary-expr","locations":[{"start":{"line":26,"column":6},"end":{"line":26,"column":31}},{"start":{"line":27,"column":6},"end":{"line":27,"column":24}},{"start":{"line":28,"column":6},"end":{"line":28,"column":30}},{"start":{"line":29,"column":6},"end":{"line":29,"column":32}},{"start":{"line":30,"column":6},"end":{"line":30,"column":33}},{"start":{"line":31,"column":6},"end":{"line":31,"column":43}}],"line":26},"2":{"loc":{"start":{"line":41,"column":4},"end":{"line":43,"column":5}},"type":"if","locations":[{"start":{"line":41,"column":4},"end":{"line":43,"column":5}},{"start":{},"end":{}}],"line":41},"3":{"loc":{"start":{"line":77,"column":4},"end":{"line":88,"column":5}},"type":"if","locations":[{"start":{"line":77,"column":4},"end":{"line":88,"column":5}},{"start":{},"end":{}}],"line":77}},"s":{"0":1,"1":7,"2":7,"3":7,"4":7,"5":1,"6":6,"7":6,"8":6,"9":1,"10":5,"11":5,"12":5,"13":5,"14":5,"15":5,"16":5,"17":5,"18":5,"19":5,"20":2,"21":2,"22":5,"23":5,"24":0,"25":0,"26":1,"27":2,"28":2,"29":2,"30":2,"31":0,"32":0,"33":1,"34":2,"35":2,"36":2,"37":2,"38":2,"39":0,"40":0},"f":{"0":7,"1":2,"2":2},"b":{"0":[1,6],"1":[7,7,6,6,6,6],"2":[1,5],"3":[2,3]},"_coverageSchema":"1a1c01bbd47fc00a2c39e90264f33305004495a9","hash":"cbdf603ea01516ac41c5b075660c1446e976187d"}
,"D:\\CareWave\\e23-co2060-stress-detection-and-analyzing-system\\backend\\src\\middleware\\authMiddleware.js": {"path":"D:\\CareWave\\e23-co2060-stress-detection-and-analyzing-system\\backend\\src\\middleware\\authMiddleware.js","statementMap":{"0":{"start":{"line":5,"column":35},"end":{"line":24,"column":1}},"1":{"start":{"line":6,"column":2},"end":{"line":11,"column":3}},"2":{"start":{"line":7,"column":19},"end":{"line":7,"column":56}},"3":{"start":{"line":8,"column":4},"end":{"line":10,"column":5}},"4":{"start":{"line":9,"column":6},"end":{"line":9,"column":58}},"5":{"start":{"line":13,"column":15},"end":{"line":13,"column":50}},"6":{"start":{"line":14,"column":2},"end":{"line":16,"column":3}},"7":{"start":{"line":15,"column":4},"end":{"line":15,"column":55}},"8":{"start":{"line":18,"column":17},"end":{"line":18,"column":54}},"9":{"start":{"line":19,"column":2},"end":{"line":21,"column":3}},"10":{"start":{"line":20,"column":4},"end":{"line":20,"column":56}},"11":{"start":{"line":23,"column":2},"end":{"line":23,"column":38}},"12":{"start":{"line":26,"column":28},"end":{"line":53,"column":1}},"13":{"start":{"line":27,"column":2},"end":{"line":52,"column":3}},"14":{"start":{"line":28,"column":23},"end":{"line":28,"column":54}},"15":{"start":{"line":29,"column":18},"end":{"line":31,"column":12}},"16":{"start":{"line":33,"column":4},"end":{"line":35,"column":5}},"17":{"start":{"line":34,"column":6},"end":{"line":34,"column":63}},"18":{"start":{"line":37,"column":20},"end":{"line":37,"column":61}},"19":{"start":{"line":38,"column":29},"end":{"line":38,"column":70}},"20":{"start":{"line":40,"column":4},"end":{"line":42,"column":5}},"21":{"start":{"line":41,"column":6},"end":{"line":41,"column":63}},"22":{"start":{"line":44,"column":4},"end":{"line":44,"column":22}},"23":{"start":{"line":45,"column":4},"end":{"line":48,"column":6}},"24":{"start":{"line":49,"column":4},"end":{"line":49,"column":11}},"25":{"start":{"line":51,"column":4},"end":{"line":51,"column":61}},"26":{"start":{"line":55,"column":36},"end":{"line":83,"column":1}},"27":{"start":{"line":56,"column":2},"end":{"line":82,"column":3}},"28":{"start":{"line":57,"column":23},"end":{"line":57,"column":54}},"29":{"start":{"line":58,"column":18},"end":{"line":60,"column":12}},"30":{"start":{"line":62,"column":4},"end":{"line":65,"column":5}},"31":{"start":{"line":63,"column":6},"end":{"line":63,"column":22}},"32":{"start":{"line":64,"column":6},"end":{"line":64,"column":20}},"33":{"start":{"line":67,"column":20},"end":{"line":67,"column":61}},"34":{"start":{"line":68,"column":29},"end":{"line":68,"column":70}},"35":{"start":{"line":70,"column":4},"end":{"line":70,"column":22}},"36":{"start":{"line":71,"column":4},"end":{"line":76,"column":13}},"37":{"start":{"line":77,"column":4},"end":{"line":77,"column":18}},"38":{"start":{"line":79,"column":4},"end":{"line":79,"column":20}},"39":{"start":{"line":80,"column":4},"end":{"line":80,"column":20}},"40":{"start":{"line":81,"column":4},"end":{"line":81,"column":18}},"41":{"start":{"line":85,"column":28},"end":{"line":91,"column":1}},"42":{"start":{"line":86,"column":2},"end":{"line":88,"column":3}},"43":{"start":{"line":87,"column":4},"end":{"line":87,"column":58}},"44":{"start":{"line":90,"column":2},"end":{"line":90,"column":9}},"45":{"start":{"line":93,"column":27},"end":{"line":99,"column":1}},"46":{"start":{"line":94,"column":2},"end":{"line":96,"column":3}},"47":{"start":{"line":95,"column":4},"end":{"line":95,"column":58}},"48":{"start":{"line":98,"column":2},"end":{"line":98,"column":9}},"49":{"start":{"line":101,"column":38},"end":{"line":107,"column":1}},"50":{"start":{"line":102,"column":2},"end":{"line":104,"column":3}},"51":{"start":{"line":103,"column":4},"end":{"line":103,"column":58}},"52":{"start":{"line":106,"column":2},"end":{"line":106,"column":9}}},"fnMap":{"0":{"name":"(anonymous_0)","decl":{"start":{"line":5,"column":35},"end":{"line":5,"column":36}},"loc":{"start":{"line":5,"column":54},"end":{"line":24,"column":1}},"line":5},"1":{"name":"(anonymous_1)","decl":{"start":{"line":26,"column":28},"end":{"line":26,"column":29}},"loc":{"start":{"line":26,"column":54},"end":{"line":53,"column":1}},"line":26},"2":{"name":"(anonymous_2)","decl":{"start":{"line":55,"column":36},"end":{"line":55,"column":37}},"loc":{"start":{"line":55,"column":62},"end":{"line":83,"column":1}},"line":55},"3":{"name":"(anonymous_3)","decl":{"start":{"line":85,"column":28},"end":{"line":85,"column":29}},"loc":{"start":{"line":85,"column":48},"end":{"line":91,"column":1}},"line":85},"4":{"name":"(anonymous_4)","decl":{"start":{"line":93,"column":27},"end":{"line":93,"column":28}},"loc":{"start":{"line":93,"column":47},"end":{"line":99,"column":1}},"line":93},"5":{"name":"(anonymous_5)","decl":{"start":{"line":101,"column":38},"end":{"line":101,"column":39}},"loc":{"start":{"line":101,"column":58},"end":{"line":107,"column":1}},"line":101}},"branchMap":{"0":{"loc":{"start":{"line":6,"column":2},"end":{"line":11,"column":3}},"type":"if","locations":[{"start":{"line":6,"column":2},"end":{"line":11,"column":3}},{"start":{},"end":{}}],"line":6},"1":{"loc":{"start":{"line":8,"column":4},"end":{"line":10,"column":5}},"type":"if","locations":[{"start":{"line":8,"column":4},"end":{"line":10,"column":5}},{"start":{},"end":{}}],"line":8},"2":{"loc":{"start":{"line":14,"column":2},"end":{"line":16,"column":3}},"type":"if","locations":[{"start":{"line":14,"column":2},"end":{"line":16,"column":3}},{"start":{},"end":{}}],"line":14},"3":{"loc":{"start":{"line":15,"column":33},"end":{"line":15,"column":52}},"type":"binary-expr","locations":[{"start":{"line":15,"column":33},"end":{"line":15,"column":42}},{"start":{"line":15,"column":46},"end":{"line":15,"column":52}}],"line":15},"4":{"loc":{"start":{"line":19,"column":2},"end":{"line":21,"column":3}},"type":"if","locations":[{"start":{"line":19,"column":2},"end":{"line":21,"column":3}},{"start":{},"end":{}}],"line":19},"5":{"loc":{"start":{"line":28,"column":23},"end":{"line":28,"column":54}},"type":"binary-expr","locations":[{"start":{"line":28,"column":23},"end":{"line":28,"column":48}},{"start":{"line":28,"column":52},"end":{"line":28,"column":54}}],"line":28},"6":{"loc":{"start":{"line":29,"column":18},"end":{"line":31,"column":12}},"type":"cond-expr","locations":[{"start":{"line":30,"column":8},"end":{"line":30,"column":32}},{"start":{"line":31,"column":8},"end":{"line":31,"column":12}}],"line":29},"7":{"loc":{"start":{"line":33,"column":4},"end":{"line":35,"column":5}},"type":"if","locations":[{"start":{"line":33,"column":4},"end":{"line":35,"column":5}},{"start":{},"end":{}}],"line":33},"8":{"loc":{"start":{"line":40,"column":4},"end":{"line":42,"column":5}},"type":"if","locations":[{"start":{"line":40,"column":4},"end":{"line":42,"column":5}},{"start":{},"end":{}}],"line":40},"9":{"loc":{"start":{"line":57,"column":23},"end":{"line":57,"column":54}},"type":"binary-expr","locations":[{"start":{"line":57,"column":23},"end":{"line":57,"column":48}},{"start":{"line":57,"column":52},"end":{"line":57,"column":54}}],"line":57},"10":{"loc":{"start":{"line":58,"column":18},"end":{"line":60,"column":12}},"type":"cond-expr","locations":[{"start":{"line":59,"column":8},"end":{"line":59,"column":32}},{"start":{"line":60,"column":8},"end":{"line":60,"column":12}}],"line":58},"11":{"loc":{"start":{"line":62,"column":4},"end":{"line":65,"column":5}},"type":"if","locations":[{"start":{"line":62,"column":4},"end":{"line":65,"column":5}},{"start":{},"end":{}}],"line":62},"12":{"loc":{"start":{"line":71,"column":15},"end":{"line":76,"column":12}},"type":"cond-expr","locations":[{"start":{"line":72,"column":8},"end":{"line":75,"column":9}},{"start":{"line":76,"column":8},"end":{"line":76,"column":12}}],"line":71},"13":{"loc":{"start":{"line":86,"column":2},"end":{"line":88,"column":3}},"type":"if","locations":[{"start":{"line":86,"column":2},"end":{"line":88,"column":3}},{"start":{},"end":{}}],"line":86},"14":{"loc":{"start":{"line":86,"column":6},"end":{"line":86,"column":44}},"type":"binary-expr","locations":[{"start":{"line":86,"column":6},"end":{"line":86,"column":15}},{"start":{"line":86,"column":19},"end":{"line":86,"column":44}}],"line":86},"15":{"loc":{"start":{"line":94,"column":2},"end":{"line":96,"column":3}},"type":"if","locations":[{"start":{"line":94,"column":2},"end":{"line":96,"column":3}},{"start":{},"end":{}}],"line":94},"16":{"loc":{"start":{"line":94,"column":6},"end":{"line":94,"column":63}},"type":"binary-expr","locations":[{"start":{"line":94,"column":6},"end":{"line":94,"column":15}},{"start":{"line":94,"column":19},"end":{"line":94,"column":63}}],"line":94},"17":{"loc":{"start":{"line":94,"column":20},"end":{"line":94,"column":51}},"type":"binary-expr","locations":[{"start":{"line":94,"column":20},"end":{"line":94,"column":34}},{"start":{"line":94,"column":38},"end":{"line":94,"column":51}}],"line":94},"18":{"loc":{"start":{"line":102,"column":2},"end":{"line":104,"column":3}},"type":"if","locations":[{"start":{"line":102,"column":2},"end":{"line":104,"column":3}},{"start":{},"end":{}}],"line":102},"19":{"loc":{"start":{"line":102,"column":6},"end":{"line":102,"column":75}},"type":"binary-expr","locations":[{"start":{"line":102,"column":6},"end":{"line":102,"column":15}},{"start":{"line":102,"column":19},"end":{"line":102,"column":75}}],"line":102},"20":{"loc":{"start":{"line":102,"column":20},"end":{"line":102,"column":51}},"type":"binary-expr","locations":[{"start":{"line":102,"column":20},"end":{"line":102,"column":34}},{"start":{"line":102,"column":38},"end":{"line":102,"column":51}}],"line":102}},"s":{"0":1,"1":11,"2":0,"3":0,"4":0,"5":11,"6":11,"7":11,"8":0,"9":0,"10":0,"11":0,"12":1,"13":13,"14":13,"15":13,"16":13,"17":1,"18":12,"19":11,"20":11,"21":0,"22":11,"23":11,"24":11,"25":1,"26":1,"27":0,"28":0,"29":0,"30":0,"31":0,"32":0,"33":0,"34":0,"35":0,"36":0,"37":0,"38":0,"39":0,"40":0,"41":1,"42":0,"43":0,"44":0,"45":1,"46":0,"47":0,"48":0,"49":1,"50":0,"51":0,"52":0},"f":{"0":11,"1":13,"2":0,"3":0,"4":0,"5":0},"b":{"0":[0,11],"1":[0,0],"2":[11,0],"3":[11,0],"4":[0,0],"5":[13,1],"6":[12,1],"7":[1,12],"8":[0,11],"9":[0,0],"10":[0,0],"11":[0,0],"12":[0,0],"13":[0,0],"14":[0,0],"15":[0,0],"16":[0,0],"17":[0,0],"18":[0,0],"19":[0,0],"20":[0,0]},"_coverageSchema":"1a1c01bbd47fc00a2c39e90264f33305004495a9","hash":"b1a836ff623648fe024a8689c16b6e82d8fa03ab"}
,"D:\\CareWave\\e23-co2060-stress-detection-and-analyzing-system\\backend\\src\\models\\DailyCheckIn.js": {"path":"D:\\CareWave\\e23-co2060-stress-detection-and-analyzing-system\\backend\\src\\models\\DailyCheckIn.js","statementMap":{"0":{"start":{"line":3,"column":27},"end":{"line":78,"column":1}},"1":{"start":{"line":81,"column":0},"end":{"line":81,"column":68}},"2":{"start":{"line":83,"column":21},"end":{"line":83,"column":71}}},"fnMap":{},"branchMap":{},"s":{"0":2,"1":2,"2":2},"f":{},"b":{},"_coverageSchema":"1a1c01bbd47fc00a2c39e90264f33305004495a9","hash":"ebe41bba5cb6ac4a146b5b7a20da1da3e691ce58"}
,"D:\\CareWave\\e23-co2060-stress-detection-and-analyzing-system\\backend\\src\\models\\Doctor.js": {"path":"D:\\CareWave\\e23-co2060-stress-detection-and-analyzing-system\\backend\\src\\models\\Doctor.js","statementMap":{"0":{"start":{"line":4,"column":21},"end":{"line":95,"column":1}},"1":{"start":{"line":98,"column":0},"end":{"line":105,"column":3}},"2":{"start":{"line":99,"column":2},"end":{"line":101,"column":3}},"3":{"start":{"line":100,"column":4},"end":{"line":100,"column":11}},"4":{"start":{"line":103,"column":15},"end":{"line":103,"column":39}},"5":{"start":{"line":104,"column":2},"end":{"line":104,"column":57}},"6":{"start":{"line":108,"column":0},"end":{"line":110,"column":2}},"7":{"start":{"line":109,"column":2},"end":{"line":109,"column":59}},"8":{"start":{"line":113,"column":0},"end":{"line":117,"column":2}},"9":{"start":{"line":114,"column":17},"end":{"line":114,"column":32}},"10":{"start":{"line":115,"column":2},"end":{"line":115,"column":25}},"11":{"start":{"line":116,"column":2},"end":{"line":116,"column":16}},"12":{"start":{"line":119,"column":15},"end":{"line":119,"column":53}}},"fnMap":{"0":{"name":"(anonymous_0)","decl":{"start":{"line":98,"column":25},"end":{"line":98,"column":26}},"loc":{"start":{"line":98,"column":43},"end":{"line":105,"column":1}},"line":98},"1":{"name":"(anonymous_1)","decl":{"start":{"line":108,"column":39},"end":{"line":108,"column":40}},"loc":{"start":{"line":108,"column":69},"end":{"line":110,"column":1}},"line":108},"2":{"name":"(anonymous_2)","decl":{"start":{"line":113,"column":30},"end":{"line":113,"column":31}},"loc":{"start":{"line":113,"column":42},"end":{"line":117,"column":1}},"line":113}},"branchMap":{"0":{"loc":{"start":{"line":99,"column":2},"end":{"line":101,"column":3}},"type":"if","locations":[{"start":{"line":99,"column":2},"end":{"line":101,"column":3}},{"start":{},"end":{}}],"line":99}},"s":{"0":1,"1":1,"2":0,"3":0,"4":0,"5":0,"6":1,"7":0,"8":1,"9":0,"10":0,"11":0,"12":1},"f":{"0":0,"1":0,"2":0},"b":{"0":[0,0]},"_coverageSchema":"1a1c01bbd47fc00a2c39e90264f33305004495a9","hash":"e447216697ff3a62250bf4226ebf167ef893ecce"}
,"D:\\CareWave\\e23-co2060-stress-detection-and-analyzing-system\\backend\\src\\models\\Notification.js": {"path":"D:\\CareWave\\e23-co2060-stress-detection-and-analyzing-system\\backend\\src\\models\\Notification.js","statementMap":{"0":{"start":{"line":3,"column":27},"end":{"line":63,"column":1}},"1":{"start":{"line":65,"column":0},"end":{"line":65,"column":81}},"2":{"start":{"line":67,"column":21},"end":{"line":67,"column":71}}},"fnMap":{},"branchMap":{},"s":{"0":1,"1":1,"2":1},"f":{},"b":{},"_coverageSchema":"1a1c01bbd47fc00a2c39e90264f33305004495a9","hash":"6973c3b5106230f6720f7d11aa17fcb8c25c9dcd"}
,"D:\\CareWave\\e23-co2060-stress-detection-and-analyzing-system\\backend\\src\\models\\QuestionnaireResult.js": {"path":"D:\\CareWave\\e23-co2060-stress-detection-and-analyzing-system\\backend\\src\\models\\QuestionnaireResult.js","statementMap":{"0":{"start":{"line":3,"column":34},"end":{"line":52,"column":1}},"1":{"start":{"line":54,"column":28},"end":{"line":54,"column":92}}},"fnMap":{},"branchMap":{},"s":{"0":2,"1":2},"f":{},"b":{},"_coverageSchema":"1a1c01bbd47fc00a2c39e90264f33305004495a9","hash":"e320b7c91d2449dc8d2e1ae243fff4c220522a49"}
,"D:\\CareWave\\e23-co2060-stress-detection-and-analyzing-system\\backend\\src\\models\\User.js": {"path":"D:\\CareWave\\e23-co2060-stress-detection-and-analyzing-system\\backend\\src\\models\\User.js","statementMap":{"0":{"start":{"line":4,"column":34},"end":{"line":44,"column":1}},"1":{"start":{"line":46,"column":20},"end":{"line":79,"column":22}},"2":{"start":{"line":82,"column":1},"end":{"line":89,"column":4}},"3":{"start":{"line":83,"column":4},"end":{"line":85,"column":5}},"4":{"start":{"line":84,"column":8},"end":{"line":84,"column":15}},"5":{"start":{"line":87,"column":17},"end":{"line":87,"column":41}},"6":{"start":{"line":88,"column":4},"end":{"line":88,"column":59}},"7":{"start":{"line":92,"column":1},"end":{"line":94,"column":2}},"8":{"start":{"line":93,"column":4},"end":{"line":93,"column":61}},"9":{"start":{"line":96,"column":14},"end":{"line":96,"column":48}}},"fnMap":{"0":{"name":"(anonymous_0)","decl":{"start":{"line":82,"column":24},"end":{"line":82,"column":25}},"loc":{"start":{"line":82,"column":45},"end":{"line":89,"column":2}},"line":82},"1":{"name":"(anonymous_1)","decl":{"start":{"line":92,"column":38},"end":{"line":92,"column":39}},"loc":{"start":{"line":92,"column":67},"end":{"line":94,"column":2}},"line":92}},"branchMap":{"0":{"loc":{"start":{"line":83,"column":4},"end":{"line":85,"column":5}},"type":"if","locations":[{"start":{"line":83,"column":4},"end":{"line":85,"column":5}},{"start":{},"end":{}}],"line":83}},"s":{"0":1,"1":1,"2":1,"3":10,"4":0,"5":10,"6":10,"7":1,"8":0,"9":1},"f":{"0":10,"1":0},"b":{"0":[0,10]},"_coverageSchema":"1a1c01bbd47fc00a2c39e90264f33305004495a9","hash":"a97a8225f913839551219e06a5d87c49c8cc9ca4"}
,"D:\\CareWave\\e23-co2060-stress-detection-and-analyzing-system\\backend\\src\\routes\\dailyCheckInRoutes.js": {"path":"D:\\CareWave\\e23-co2060-stress-detection-and-analyzing-system\\backend\\src\\routes\\dailyCheckInRoutes.js","statementMap":{"0":{"start":{"line":5,"column":15},"end":{"line":5,"column":31}},"1":{"start":{"line":7,"column":0},"end":{"line":7,"column":46}},"2":{"start":{"line":8,"column":0},"end":{"line":8,"column":56}},"3":{"start":{"line":9,"column":0},"end":{"line":9,"column":57}}},"fnMap":{},"branchMap":{},"s":{"0":1,"1":1,"2":1,"3":1},"f":{},"b":{},"_coverageSchema":"1a1c01bbd47fc00a2c39e90264f33305004495a9","hash":"d5eea74ea857be1c26b1e4b186cb293dc84b0ee1"}
,"D:\\CareWave\\e23-co2060-stress-detection-and-analyzing-system\\backend\\src\\services\\recommendationService.js": {"path":"D:\\CareWave\\e23-co2060-stress-detection-and-analyzing-system\\backend\\src\\services\\recommendationService.js","statementMap":{"0":{"start":{"line":6,"column":33},"end":{"line":43,"column":1}},"1":{"start":{"line":7,"column":58},"end":{"line":7,"column":70}},"2":{"start":{"line":9,"column":2},"end":{"line":15,"column":3}},"3":{"start":{"line":10,"column":4},"end":{"line":14,"column":6}},"4":{"start":{"line":17,"column":2},"end":{"line":23,"column":3}},"5":{"start":{"line":18,"column":4},"end":{"line":22,"column":6}},"6":{"start":{"line":25,"column":2},"end":{"line":31,"column":3}},"7":{"start":{"line":26,"column":4},"end":{"line":30,"column":6}},"8":{"start":{"line":33,"column":2},"end":{"line":39,"column":3}},"9":{"start":{"line":34,"column":4},"end":{"line":38,"column":6}},"10":{"start":{"line":42,"column":2},"end":{"line":42,"column":14}}},"fnMap":{"0":{"name":"(anonymous_0)","decl":{"start":{"line":6,"column":33},"end":{"line":6,"column":34}},"loc":{"start":{"line":6,"column":51},"end":{"line":43,"column":1}},"line":6}},"branchMap":{"0":{"loc":{"start":{"line":9,"column":2},"end":{"line":15,"column":3}},"type":"if","locations":[{"start":{"line":9,"column":2},"end":{"line":15,"column":3}},{"start":{},"end":{}}],"line":9},"1":{"loc":{"start":{"line":9,"column":6},"end":{"line":9,"column":58}},"type":"binary-expr","locations":[{"start":{"line":9,"column":6},"end":{"line":9,"column":26}},{"start":{"line":9,"column":30},"end":{"line":9,"column":58}}],"line":9},"2":{"loc":{"start":{"line":17,"column":2},"end":{"line":23,"column":3}},"type":"if","locations":[{"start":{"line":17,"column":2},"end":{"line":23,"column":3}},{"start":{},"end":{}}],"line":17},"3":{"loc":{"start":{"line":17,"column":6},"end":{"line":17,"column":97}},"type":"binary-expr","locations":[{"start":{"line":17,"column":6},"end":{"line":17,"column":48}},{"start":{"line":17,"column":52},"end":{"line":17,"column":97}}],"line":17},"4":{"loc":{"start":{"line":25,"column":2},"end":{"line":31,"column":3}},"type":"if","locations":[{"start":{"line":25,"column":2},"end":{"line":31,"column":3}},{"start":{},"end":{}}],"line":25},"5":{"loc":{"start":{"line":33,"column":2},"end":{"line":39,"column":3}},"type":"if","locations":[{"start":{"line":33,"column":2},"end":{"line":39,"column":3}},{"start":{},"end":{}}],"line":33}},"s":{"0":2,"1":8,"2":8,"3":1,"4":7,"5":3,"6":4,"7":0,"8":4,"9":0,"10":4},"f":{"0":8},"b":{"0":[1,7],"1":[8,1],"2":[3,4],"3":[7,4],"4":[0,4],"5":[0,4]},"_coverageSchema":"1a1c01bbd47fc00a2c39e90264f33305004495a9","hash":"0929e740f14b52199ed951b7304bffcc02ffb656"}
,"D:\\CareWave\\e23-co2060-stress-detection-and-analyzing-system\\backend\\src\\services\\stressRiskService.js": {"path":"D:\\CareWave\\e23-co2060-stress-detection-and-analyzing-system\\backend\\src\\services\\stressRiskService.js","statementMap":{"0":{"start":{"line":11,"column":35},"end":{"line":92,"column":1}},"1":{"start":{"line":12,"column":18},"end":{"line":12,"column":19}},"2":{"start":{"line":13,"column":30},"end":{"line":13,"column":32}},"3":{"start":{"line":16,"column":2},"end":{"line":16,"column":53}},"4":{"start":{"line":20,"column":2},"end":{"line":24,"column":3}},"5":{"start":{"line":21,"column":29},"end":{"line":21,"column":64}},"6":{"start":{"line":22,"column":4},"end":{"line":22,"column":34}},"7":{"start":{"line":23,"column":4},"end":{"line":23,"column":46}},"8":{"start":{"line":26,"column":2},"end":{"line":32,"column":3}},"9":{"start":{"line":27,"column":32},"end":{"line":27,"column":69}},"10":{"start":{"line":28,"column":4},"end":{"line":28,"column":37}},"11":{"start":{"line":29,"column":4},"end":{"line":31,"column":5}},"12":{"start":{"line":30,"column":6},"end":{"line":30,"column":45}},"13":{"start":{"line":35,"column":2},"end":{"line":39,"column":3}},"14":{"start":{"line":36,"column":28},"end":{"line":36,"column":66}},"15":{"start":{"line":37,"column":4},"end":{"line":37,"column":33}},"16":{"start":{"line":38,"column":4},"end":{"line":38,"column":46}},"17":{"start":{"line":43,"column":2},"end":{"line":48,"column":3}},"18":{"start":{"line":44,"column":4},"end":{"line":44,"column":19}},"19":{"start":{"line":45,"column":9},"end":{"line":48,"column":3}},"20":{"start":{"line":46,"column":4},"end":{"line":46,"column":19}},"21":{"start":{"line":47,"column":4},"end":{"line":47,"column":54}},"22":{"start":{"line":51,"column":20},"end":{"line":51,"column":28}},"23":{"start":{"line":52,"column":2},"end":{"line":65,"column":3}},"24":{"start":{"line":53,"column":27},"end":{"line":53,"column":55}},"25":{"start":{"line":55,"column":6},"end":{"line":55,"column":89}},"26":{"start":{"line":55,"column":41},"end":{"line":55,"column":61}},"27":{"start":{"line":57,"column":4},"end":{"line":64,"column":5}},"28":{"start":{"line":58,"column":6},"end":{"line":58,"column":33}},"29":{"start":{"line":59,"column":6},"end":{"line":59,"column":22}},"30":{"start":{"line":60,"column":6},"end":{"line":60,"column":52}},"31":{"start":{"line":61,"column":11},"end":{"line":64,"column":5}},"32":{"start":{"line":62,"column":6},"end":{"line":62,"column":33}},"33":{"start":{"line":63,"column":6},"end":{"line":63,"column":21}},"34":{"start":{"line":68,"column":2},"end":{"line":73,"column":3}},"35":{"start":{"line":69,"column":4},"end":{"line":72,"column":5}},"36":{"start":{"line":70,"column":6},"end":{"line":70,"column":22}},"37":{"start":{"line":71,"column":6},"end":{"line":71,"column":53}},"38":{"start":{"line":76,"column":2},"end":{"line":76,"column":52}},"39":{"start":{"line":79,"column":18},"end":{"line":79,"column":23}},"40":{"start":{"line":80,"column":2},"end":{"line":84,"column":3}},"41":{"start":{"line":81,"column":4},"end":{"line":81,"column":23}},"42":{"start":{"line":82,"column":9},"end":{"line":84,"column":3}},"43":{"start":{"line":83,"column":4},"end":{"line":83,"column":27}},"44":{"start":{"line":86,"column":2},"end":{"line":91,"column":4}}},"fnMap":{"0":{"name":"(anonymous_0)","decl":{"start":{"line":11,"column":35},"end":{"line":11,"column":36}},"loc":{"start":{"line":11,"column":106},"end":{"line":92,"column":1}},"line":11},"1":{"name":"(anonymous_1)","decl":{"start":{"line":55,"column":28},"end":{"line":55,"column":29}},"loc":{"start":{"line":55,"column":41},"end":{"line":55,"column":61}},"line":55}},"branchMap":{"0":{"loc":{"start":{"line":11,"column":52},"end":{"line":11,"column":73}},"type":"default-arg","locations":[{"start":{"line":11,"column":71},"end":{"line":11,"column":73}}],"line":11},"1":{"loc":{"start":{"line":11,"column":75},"end":{"line":11,"column":101}},"type":"default-arg","locations":[{"start":{"line":11,"column":97},"end":{"line":11,"column":101}}],"line":11},"2":{"loc":{"start":{"line":20,"column":2},"end":{"line":24,"column":3}},"type":"if","locations":[{"start":{"line":20,"column":2},"end":{"line":24,"column":3}},{"start":{},"end":{}}],"line":20},"3":{"loc":{"start":{"line":26,"column":2},"end":{"line":32,"column":3}},"type":"if","locations":[{"start":{"line":26,"column":2},"end":{"line":32,"column":3}},{"start":{},"end":{}}],"line":26},"4":{"loc":{"start":{"line":29,"column":4},"end":{"line":31,"column":5}},"type":"if","locations":[{"start":{"line":29,"column":4},"end":{"line":31,"column":5}},{"start":{},"end":{}}],"line":29},"5":{"loc":{"start":{"line":35,"column":2},"end":{"line":39,"column":3}},"type":"if","locations":[{"start":{"line":35,"column":2},"end":{"line":39,"column":3}},{"start":{},"end":{}}],"line":35},"6":{"loc":{"start":{"line":43,"column":2},"end":{"line":48,"column":3}},"type":"if","locations":[{"start":{"line":43,"column":2},"end":{"line":48,"column":3}},{"start":{"line":45,"column":9},"end":{"line":48,"column":3}}],"line":43},"7":{"loc":{"start":{"line":45,"column":9},"end":{"line":48,"column":3}},"type":"if","locations":[{"start":{"line":45,"column":9},"end":{"line":48,"column":3}},{"start":{},"end":{}}],"line":45},"8":{"loc":{"start":{"line":52,"column":2},"end":{"line":65,"column":3}},"type":"if","locations":[{"start":{"line":52,"column":2},"end":{"line":65,"column":3}},{"start":{},"end":{}}],"line":52},"9":{"loc":{"start":{"line":57,"column":4},"end":{"line":64,"column":5}},"type":"if","locations":[{"start":{"line":57,"column":4},"end":{"line":64,"column":5}},{"start":{"line":61,"column":11},"end":{"line":64,"column":5}}],"line":57},"10":{"loc":{"start":{"line":61,"column":11},"end":{"line":64,"column":5}},"type":"if","locations":[{"start":{"line":61,"column":11},"end":{"line":64,"column":5}},{"start":{},"end":{}}],"line":61},"11":{"loc":{"start":{"line":68,"column":2},"end":{"line":73,"column":3}},"type":"if","locations":[{"start":{"line":68,"column":2},"end":{"line":73,"column":3}},{"start":{},"end":{}}],"line":68},"12":{"loc":{"start":{"line":69,"column":4},"end":{"line":72,"column":5}},"type":"if","locations":[{"start":{"line":69,"column":4},"end":{"line":72,"column":5}},{"start":{},"end":{}}],"line":69},"13":{"loc":{"start":{"line":80,"column":2},"end":{"line":84,"column":3}},"type":"if","locations":[{"start":{"line":80,"column":2},"end":{"line":84,"column":3}},{"start":{"line":82,"column":9},"end":{"line":84,"column":3}}],"line":80},"14":{"loc":{"start":{"line":82,"column":9},"end":{"line":84,"column":3}},"type":"if","locations":[{"start":{"line":82,"column":9},"end":{"line":84,"column":3}},{"start":{},"end":{}}],"line":82}},"s":{"0":2,"1":9,"2":9,"3":9,"4":9,"5":3,"6":3,"7":3,"8":9,"9":3,"10":3,"11":3,"12":3,"13":9,"14":1,"15":1,"16":1,"17":9,"18":7,"19":2,"20":2,"21":2,"22":9,"23":9,"24":1,"25":1,"26":3,"27":1,"28":1,"29":1,"30":1,"31":0,"32":0,"33":0,"34":9,"35":1,"36":1,"37":1,"38":9,"39":9,"40":9,"41":0,"42":9,"43":3,"44":9},"f":{"0":9,"1":3},"b":{"0":[0],"1":[0],"2":[3,6],"3":[3,6],"4":[3,0],"5":[1,8],"6":[7,2],"7":[2,0],"8":[1,8],"9":[1,0],"10":[0,0],"11":[1,8],"12":[1,0],"13":[0,9],"14":[3,6]},"_coverageSchema":"1a1c01bbd47fc00a2c39e90264f33305004495a9","hash":"049e4f64faf44b655930080c3e10a735ecdbc20e"}
,"D:\\CareWave\\e23-co2060-stress-detection-and-analyzing-system\\backend\\tests\\setup\\dbSetup.js": {"path":"D:\\CareWave\\e23-co2060-stress-detection-and-analyzing-system\\backend\\tests\\setup\\dbSetup.js","statementMap":{"0":{"start":{"line":9,"column":23},"end":{"line":18,"column":1}},"1":{"start":{"line":10,"column":2},"end":{"line":10,"column":44}},"2":{"start":{"line":11,"column":14},"end":{"line":11,"column":29}},"3":{"start":{"line":13,"column":2},"end":{"line":15,"column":3}},"4":{"start":{"line":14,"column":4},"end":{"line":14,"column":32}},"5":{"start":{"line":17,"column":2},"end":{"line":17,"column":30}},"6":{"start":{"line":23,"column":29},"end":{"line":29,"column":1}},"7":{"start":{"line":24,"column":2},"end":{"line":28,"column":3}},"8":{"start":{"line":25,"column":4},"end":{"line":25,"column":45}},"9":{"start":{"line":26,"column":4},"end":{"line":26,"column":38}},"10":{"start":{"line":27,"column":4},"end":{"line":27,"column":24}},"11":{"start":{"line":34,"column":29},"end":{"line":40,"column":1}},"12":{"start":{"line":35,"column":22},"end":{"line":35,"column":53}},"13":{"start":{"line":36,"column":2},"end":{"line":39,"column":3}},"14":{"start":{"line":37,"column":23},"end":{"line":37,"column":39}},"15":{"start":{"line":38,"column":4},"end":{"line":38,"column":36}}},"fnMap":{"0":{"name":"(anonymous_0)","decl":{"start":{"line":9,"column":23},"end":{"line":9,"column":24}},"loc":{"start":{"line":9,"column":35},"end":{"line":18,"column":1}},"line":9},"1":{"name":"(anonymous_1)","decl":{"start":{"line":23,"column":29},"end":{"line":23,"column":30}},"loc":{"start":{"line":23,"column":41},"end":{"line":29,"column":1}},"line":23},"2":{"name":"(anonymous_2)","decl":{"start":{"line":34,"column":29},"end":{"line":34,"column":30}},"loc":{"start":{"line":34,"column":41},"end":{"line":40,"column":1}},"line":34}},"branchMap":{"0":{"loc":{"start":{"line":13,"column":2},"end":{"line":15,"column":3}},"type":"if","locations":[{"start":{"line":13,"column":2},"end":{"line":15,"column":3}},{"start":{},"end":{}}],"line":13},"1":{"loc":{"start":{"line":24,"column":2},"end":{"line":28,"column":3}},"type":"if","locations":[{"start":{"line":24,"column":2},"end":{"line":28,"column":3}},{"start":{},"end":{}}],"line":24}},"s":{"0":1,"1":1,"2":1,"3":1,"4":0,"5":1,"6":1,"7":1,"8":1,"9":1,"10":1,"11":1,"12":10,"13":10,"14":50,"15":50},"f":{"0":1,"1":1,"2":10},"b":{"0":[0,1],"1":[1,0]},"_coverageSchema":"1a1c01bbd47fc00a2c39e90264f33305004495a9","hash":"47610756b435bf31d79e40e9811408d3726e88f2"}
}
