TN:
SF:src\controllers\dailyCheckInController.js
FN:12,(anonymous_0)
FN:109,(anonymous_1)
FN:128,(anonymous_2)
FNF:3
FNH:3
FNDA:7,(anonymous_0)
FNDA:2,(anonymous_1)
FNDA:2,(anonymous_2)
DA:12,1
DA:13,7
DA:14,7
DA:22,7
DA:25,7
DA:33,1
DA:37,6
DA:40,6
DA:41,6
DA:42,1
DA:46,5
DA:51,5
DA:55,5
DA:67,5
DA:69,5
DA:70,5
DA:71,5
DA:72,5
DA:75,5
DA:77,5
DA:78,2
DA:80,2
DA:90,5
DA:92,5
DA:99,0
DA:100,0
DA:109,1
DA:110,2
DA:111,2
DA:112,2
DA:116,2
DA:118,0
DA:119,0
DA:128,1
DA:129,2
DA:130,2
DA:131,2
DA:132,2
DA:134,2
DA:136,0
DA:137,0
LF:41
LH:35
BRDA:25,0,0,1
BRDA:25,0,1,6
BRDA:26,1,0,7
BRDA:26,1,1,7
BRDA:26,1,2,6
BRDA:26,1,3,6
BRDA:26,1,4,6
BRDA:26,1,5,6
BRDA:41,2,0,1
BRDA:41,2,1,5
BRDA:77,3,0,2
BRDA:77,3,1,3
BRF:12
BRH:12
end_of_record
TN:
SF:src\middleware\authMiddleware.js
FN:5,(anonymous_0)
FN:26,(anonymous_1)
FN:55,(anonymous_2)
FN:85,(anonymous_3)
FN:93,(anonymous_4)
FN:101,(anonymous_5)
FNF:6
FNH:2
FNDA:11,(anonymous_0)
FNDA:13,(anonymous_1)
FNDA:0,(anonymous_2)
FNDA:0,(anonymous_3)
FNDA:0,(anonymous_4)
FNDA:0,(anonymous_5)
DA:5,1
DA:6,11
DA:7,0
DA:8,0
DA:9,0
DA:13,11
DA:14,11
DA:15,11
DA:18,0
DA:19,0
DA:20,0
DA:23,0
DA:26,1
DA:27,13
DA:28,13
DA:29,13
DA:33,13
DA:34,1
DA:37,12
DA:38,11
DA:40,11
DA:41,0
DA:44,11
DA:45,11
DA:49,11
DA:51,1
DA:55,1
DA:56,0
DA:57,0
DA:58,0
DA:62,0
DA:63,0
DA:64,0
DA:67,0
DA:68,0
DA:70,0
DA:71,0
DA:77,0
DA:79,0
DA:80,0
DA:81,0
DA:85,1
DA:86,0
DA:87,0
DA:90,0
DA:93,1
DA:94,0
DA:95,0
DA:98,0
DA:101,1
DA:102,0
DA:103,0
DA:106,0
LF:53
LH:22
BRDA:6,0,0,0
BRDA:6,0,1,11
BRDA:8,1,0,0
BRDA:8,1,1,0
BRDA:14,2,0,11
BRDA:14,2,1,0
BRDA:15,3,0,11
BRDA:15,3,1,0
BRDA:19,4,0,0
BRDA:19,4,1,0
BRDA:28,5,0,13
BRDA:28,5,1,1
BRDA:29,6,0,12
BRDA:29,6,1,1
BRDA:33,7,0,1
BRDA:33,7,1,12
BRDA:40,8,0,0
BRDA:40,8,1,11
BRDA:57,9,0,0
BRDA:57,9,1,0
BRDA:58,10,0,0
BRDA:58,10,1,0
BRDA:62,11,0,0
BRDA:62,11,1,0
BRDA:71,12,0,0
BRDA:71,12,1,0
BRDA:86,13,0,0
BRDA:86,13,1,0
BRDA:86,14,0,0
BRDA:86,14,1,0
BRDA:94,15,0,0
BRDA:94,15,1,0
BRDA:94,16,0,0
BRDA:94,16,1,0
BRDA:94,17,0,0
BRDA:94,17,1,0
BRDA:102,18,0,0
BRDA:102,18,1,0
BRDA:102,19,0,0
BRDA:102,19,1,0
BRDA:102,20,0,0
BRDA:102,20,1,0
BRF:42
BRH:10
end_of_record
TN:
SF:src\models\DailyCheckIn.js
FNF:0
FNH:0
DA:3,2
DA:81,2
DA:83,2
LF:3
LH:3
BRF:0
BRH:0
end_of_record
TN:
SF:src\models\Doctor.js
FN:98,(anonymous_0)
FN:108,(anonymous_1)
FN:113,(anonymous_2)
FNF:3
FNH:0
FNDA:0,(anonymous_0)
FNDA:0,(anonymous_1)
FNDA:0,(anonymous_2)
DA:4,1
DA:98,1
DA:99,0
DA:100,0
DA:103,0
DA:104,0
DA:108,1
DA:109,0
DA:113,1
DA:114,0
DA:115,0
DA:116,0
DA:119,1
LF:13
LH:5
BRDA:99,0,0,0
BRDA:99,0,1,0
BRF:2
BRH:0
end_of_record
TN:
SF:src\models\Notification.js
FNF:0
FNH:0
DA:3,1
DA:65,1
DA:67,1
LF:3
LH:3
BRF:0
BRH:0
end_of_record
TN:
SF:src\models\QuestionnaireResult.js
FNF:0
FNH:0
DA:3,2
DA:54,2
LF:2
LH:2
BRF:0
BRH:0
end_of_record
TN:
SF:src\models\User.js
FN:82,(anonymous_0)
FN:92,(anonymous_1)
FNF:2
FNH:1
FNDA:10,(anonymous_0)
FNDA:0,(anonymous_1)
DA:4,1
DA:46,1
DA:82,1
DA:83,10
DA:84,0
DA:87,10
DA:88,10
DA:92,1
DA:93,0
DA:96,1
LF:10
LH:8
BRDA:83,0,0,0
BRDA:83,0,1,10
BRF:2
BRH:1
end_of_record
TN:
SF:src\routes\dailyCheckInRoutes.js
FNF:0
FNH:0
DA:5,1
DA:7,1
DA:8,1
DA:9,1
LF:4
LH:4
BRF:0
BRH:0
end_of_record
TN:
SF:src\services\recommendationService.js
FN:6,(anonymous_0)
FNF:1
FNH:1
FNDA:8,(anonymous_0)
DA:6,2
DA:7,8
DA:9,8
DA:10,1
DA:17,7
DA:18,3
DA:25,4
DA:26,0
DA:33,4
DA:34,0
DA:42,4
LF:11
LH:9
BRDA:9,0,0,1
BRDA:9,0,1,7
BRDA:9,1,0,8
BRDA:9,1,1,1
BRDA:17,2,0,3
BRDA:17,2,1,4
BRDA:17,3,0,7
BRDA:17,3,1,4
BRDA:25,4,0,0
BRDA:25,4,1,4
BRDA:33,5,0,0
BRDA:33,5,1,4
BRF:12
BRH:10
end_of_record
TN:
SF:src\services\stressRiskService.js
FN:11,(anonymous_0)
FN:55,(anonymous_1)
FNF:2
FNH:2
FNDA:9,(anonymous_0)
FNDA:3,(anonymous_1)
DA:11,2
DA:12,9
DA:13,9
DA:16,9
DA:20,9
DA:21,3
DA:22,3
DA:23,3
DA:26,9
DA:27,3
DA:28,3
DA:29,3
DA:30,3
DA:35,9
DA:36,1
DA:37,1
DA:38,1
DA:43,9
DA:44,7
DA:45,2
DA:46,2
DA:47,2
DA:51,9
DA:52,9
DA:53,1
DA:55,3
DA:57,1
DA:58,1
DA:59,1
DA:60,1
DA:61,0
DA:62,0
DA:63,0
DA:68,9
DA:69,1
DA:70,1
DA:71,1
DA:76,9
DA:79,9
DA:80,9
DA:81,0
DA:82,9
DA:83,3
DA:86,9
LF:44
LH:40
BRDA:11,0,0,0
BRDA:11,1,0,0
BRDA:20,2,0,3
BRDA:20,2,1,6
BRDA:26,3,0,3
BRDA:26,3,1,6
BRDA:29,4,0,3
BRDA:29,4,1,0
BRDA:35,5,0,1
BRDA:35,5,1,8
BRDA:43,6,0,7
BRDA:43,6,1,2
BRDA:45,7,0,2
BRDA:45,7,1,0
BRDA:52,8,0,1
BRDA:52,8,1,8
BRDA:57,9,0,1
BRDA:57,9,1,0
BRDA:61,10,0,0
BRDA:61,10,1,0
BRDA:68,11,0,1
BRDA:68,11,1,8
BRDA:69,12,0,1
BRDA:69,12,1,0
BRDA:80,13,0,0
BRDA:80,13,1,9
BRDA:82,14,0,3
BRDA:82,14,1,6
BRF:28
BRH:19
end_of_record
TN:
SF:tests\setup\dbSetup.js
FN:9,(anonymous_0)
FN:23,(anonymous_1)
FN:34,(anonymous_2)
FNF:3
FNH:3
FNDA:1,(anonymous_0)
FNDA:1,(anonymous_1)
FNDA:10,(anonymous_2)
DA:9,1
DA:10,1
DA:11,1
DA:13,1
DA:14,0
DA:17,1
DA:23,1
DA:24,1
DA:25,1
DA:26,1
DA:27,1
DA:34,1
DA:35,10
DA:36,10
DA:37,50
DA:38,50
LF:16
LH:15
BRDA:13,0,0,0
BRDA:13,0,1,1
BRDA:24,1,0,1
BRDA:24,1,1,0
BRF:4
BRH:2
end_of_record
