{"D:\\CareWave\\e23-co2060-stress-detection-and-analyzing-system\\mobile\\assets\\styles\\home.styles.js": {"path":"D:\\CareWave\\e23-co2060-stress-detection-and-analyzing-system\\mobile\\assets\\styles\\home.styles.js","statementMap":{"0":{"start":{"line":5,"column":15},"end":{"line":261,"column":2}}},"fnMap":{},"branchMap":{},"s":{"0":1},"f":{},"b":{},"_coverageSchema":"1a1c01bbd47fc00a2c39e90264f33305004495a9","hash":"cd393ec346f4239879a60322b531584b14b9f941"}
,"D:\\CareWave\\e23-co2060-stress-detection-and-analyzing-system\\mobile\\components\\DailyCheckInCard.jsx": {"path":"D:\\CareWave\\e23-co2060-stress-detection-and-analyzing-system\\mobile\\components\\DailyCheckInCard.jsx","statementMap":{"0":{"start":{"line":17,"column":23},"end":{"line":17,"column":38}},"1":{"start":{"line":20,"column":26},"end":{"line":20,"column":37}},"2":{"start":{"line":21,"column":32},"end":{"line":21,"column":47}},"3":{"start":{"line":22,"column":20},"end":{"line":22,"column":34}},"4":{"start":{"line":24,"column":34},"end":{"line":31,"column":4}},"5":{"start":{"line":34,"column":2},"end":{"line":46,"column":16}},"6":{"start":{"line":35,"column":4},"end":{"line":45,"column":5}},"7":{"start":{"line":36,"column":6},"end":{"line":36,"column":17}},"8":{"start":{"line":37,"column":6},"end":{"line":44,"column":9}},"9":{"start":{"line":48,"column":22},"end":{"line":50,"column":3}},"10":{"start":{"line":49,"column":4},"end":{"line":49,"column":57}},"11":{"start":{"line":49,"column":27},"end":{"line":49,"column":54}},"12":{"start":{"line":52,"column":21},"end":{"line":54,"column":3}},"13":{"start":{"line":53,"column":4},"end":{"line":53,"column":40}},"14":{"start":{"line":53,"column":18},"end":{"line":53,"column":40}},"15":{"start":{"line":53,"column":33},"end":{"line":53,"column":38}},"16":{"start":{"line":56,"column":21},"end":{"line":58,"column":3}},"17":{"start":{"line":57,"column":4},"end":{"line":57,"column":40}},"18":{"start":{"line":57,"column":18},"end":{"line":57,"column":40}},"19":{"start":{"line":57,"column":33},"end":{"line":57,"column":38}},"20":{"start":{"line":60,"column":23},"end":{"line":84,"column":3}},"21":{"start":{"line":61,"column":4},"end":{"line":83,"column":5}},"22":{"start":{"line":62,"column":6},"end":{"line":62,"column":23}},"23":{"start":{"line":63,"column":18},"end":{"line":70,"column":8}},"24":{"start":{"line":72,"column":6},"end":{"line":77,"column":7}},"25":{"start":{"line":73,"column":8},"end":{"line":73,"column":20}},"26":{"start":{"line":75,"column":8},"end":{"line":75,"column":51}},"27":{"start":{"line":76,"column":8},"end":{"line":76,"column":18}},"28":{"start":{"line":79,"column":6},"end":{"line":79,"column":25}},"29":{"start":{"line":80,"column":6},"end":{"line":80,"column":16}},"30":{"start":{"line":82,"column":6},"end":{"line":82,"column":24}},"31":{"start":{"line":86,"column":2},"end":{"line":86,"column":28}},"32":{"start":{"line":86,"column":16},"end":{"line":86,"column":28}},"33":{"start":{"line":88,"column":26},"end":{"line":117,"column":3}},"34":{"start":{"line":89,"column":4},"end":{"line":116,"column":11}},"35":{"start":{"line":93,"column":10},"end":{"line":109,"column":22}},"36":{"start":{"line":99,"column":27},"end":{"line":99,"column":50}},"37":{"start":{"line":119,"column":25},"end":{"line":140,"column":3}},"38":{"start":{"line":120,"column":4},"end":{"line":139,"column":11}},"39":{"start":{"line":125,"column":25},"end":{"line":125,"column":85}},"40":{"start":{"line":134,"column":25},"end":{"line":134,"column":70}},"41":{"start":{"line":142,"column":2},"end":{"line":212,"column":4}},"42":{"start":{"line":215,"column":15},"end":{"line":347,"column":2}}},"fnMap":{"0":{"name":"DailyCheckInCard","decl":{"start":{"line":19,"column":24},"end":{"line":19,"column":40}},"loc":{"start":{"line":19,"column":74},"end":{"line":213,"column":1}},"line":19},"1":{"name":"(anonymous_1)","decl":{"start":{"line":34,"column":12},"end":{"line":34,"column":13}},"loc":{"start":{"line":34,"column":18},"end":{"line":46,"column":3}},"line":34},"2":{"name":"(anonymous_2)","decl":{"start":{"line":48,"column":22},"end":{"line":48,"column":23}},"loc":{"start":{"line":48,"column":40},"end":{"line":50,"column":3}},"line":48},"3":{"name":"(anonymous_3)","decl":{"start":{"line":49,"column":16},"end":{"line":49,"column":17}},"loc":{"start":{"line":49,"column":27},"end":{"line":49,"column":54}},"line":49},"4":{"name":"(anonymous_4)","decl":{"start":{"line":52,"column":21},"end":{"line":52,"column":22}},"loc":{"start":{"line":52,"column":27},"end":{"line":54,"column":3}},"line":52},"5":{"name":"(anonymous_5)","decl":{"start":{"line":53,"column":26},"end":{"line":53,"column":27}},"loc":{"start":{"line":53,"column":33},"end":{"line":53,"column":38}},"line":53},"6":{"name":"(anonymous_6)","decl":{"start":{"line":56,"column":21},"end":{"line":56,"column":22}},"loc":{"start":{"line":56,"column":27},"end":{"line":58,"column":3}},"line":56},"7":{"name":"(anonymous_7)","decl":{"start":{"line":57,"column":26},"end":{"line":57,"column":27}},"loc":{"start":{"line":57,"column":33},"end":{"line":57,"column":38}},"line":57},"8":{"name":"(anonymous_8)","decl":{"start":{"line":60,"column":23},"end":{"line":60,"column":24}},"loc":{"start":{"line":60,"column":35},"end":{"line":84,"column":3}},"line":60},"9":{"name":"(anonymous_9)","decl":{"start":{"line":88,"column":26},"end":{"line":88,"column":27}},"loc":{"start":{"line":89,"column":4},"end":{"line":116,"column":11}},"line":89},"10":{"name":"(anonymous_10)","decl":{"start":{"line":92,"column":28},"end":{"line":92,"column":29}},"loc":{"start":{"line":93,"column":10},"end":{"line":109,"column":22}},"line":93},"11":{"name":"(anonymous_11)","decl":{"start":{"line":99,"column":21},"end":{"line":99,"column":22}},"loc":{"start":{"line":99,"column":27},"end":{"line":99,"column":50}},"line":99},"12":{"name":"(anonymous_12)","decl":{"start":{"line":119,"column":25},"end":{"line":119,"column":26}},"loc":{"start":{"line":120,"column":4},"end":{"line":139,"column":11}},"line":120},"13":{"name":"(anonymous_13)","decl":{"start":{"line":125,"column":19},"end":{"line":125,"column":20}},"loc":{"start":{"line":125,"column":25},"end":{"line":125,"column":85}},"line":125},"14":{"name":"(anonymous_14)","decl":{"start":{"line":134,"column":19},"end":{"line":134,"column":20}},"loc":{"start":{"line":134,"column":25},"end":{"line":134,"column":70}},"line":134}},"branchMap":{"0":{"loc":{"start":{"line":35,"column":4},"end":{"line":45,"column":5}},"type":"if","locations":[{"start":{"line":35,"column":4},"end":{"line":45,"column":5}},{"start":{},"end":{}}],"line":35},"1":{"loc":{"start":{"line":53,"column":4},"end":{"line":53,"column":40}},"type":"if","locations":[{"start":{"line":53,"column":4},"end":{"line":53,"column":40}},{"start":{},"end":{}}],"line":53},"2":{"loc":{"start":{"line":57,"column":4},"end":{"line":57,"column":40}},"type":"if","locations":[{"start":{"line":57,"column":4},"end":{"line":57,"column":40}},{"start":{},"end":{}}],"line":57},"3":{"loc":{"start":{"line":72,"column":6},"end":{"line":77,"column":7}},"type":"if","locations":[{"start":{"line":72,"column":6},"end":{"line":77,"column":7}},{"start":{"line":74,"column":13},"end":{"line":77,"column":7}}],"line":72},"4":{"loc":{"start":{"line":86,"column":2},"end":{"line":86,"column":28}},"type":"if","locations":[{"start":{"line":86,"column":2},"end":{"line":86,"column":28}},{"start":{},"end":{}}],"line":86},"5":{"loc":{"start":{"line":97,"column":14},"end":{"line":97,"column":63}},"type":"binary-expr","locations":[{"start":{"line":97,"column":14},"end":{"line":97,"column":37}},{"start":{"line":97,"column":41},"end":{"line":97,"column":63}}],"line":97},"6":{"loc":{"start":{"line":104,"column":16},"end":{"line":104,"column":66}},"type":"binary-expr","locations":[{"start":{"line":104,"column":16},"end":{"line":104,"column":39}},{"start":{"line":104,"column":43},"end":{"line":104,"column":66}}],"line":104},"7":{"loc":{"start":{"line":119,"column":46},"end":{"line":119,"column":53}},"type":"default-arg","locations":[{"start":{"line":119,"column":52},"end":{"line":119,"column":53}}],"line":119},"8":{"loc":{"start":{"line":119,"column":55},"end":{"line":119,"column":66}},"type":"default-arg","locations":[{"start":{"line":119,"column":65},"end":{"line":119,"column":66}}],"line":119},"9":{"loc":{"start":{"line":146,"column":20},"end":{"line":146,"column":65}},"type":"cond-expr","locations":[{"start":{"line":146,"column":44},"end":{"line":146,"column":53}},{"start":{"line":146,"column":56},"end":{"line":146,"column":65}}],"line":146},"10":{"loc":{"start":{"line":158,"column":15},"end":{"line":164,"column":15}},"type":"binary-expr","locations":[{"start":{"line":158,"column":15},"end":{"line":158,"column":25}},{"start":{"line":159,"column":16},"end":{"line":163,"column":23}}],"line":158},"11":{"loc":{"start":{"line":166,"column":15},"end":{"line":172,"column":15}},"type":"binary-expr","locations":[{"start":{"line":166,"column":15},"end":{"line":166,"column":25}},{"start":{"line":167,"column":16},"end":{"line":171,"column":23}}],"line":166},"12":{"loc":{"start":{"line":174,"column":15},"end":{"line":180,"column":15}},"type":"binary-expr","locations":[{"start":{"line":174,"column":15},"end":{"line":174,"column":25}},{"start":{"line":175,"column":16},"end":{"line":179,"column":23}}],"line":174},"13":{"loc":{"start":{"line":184,"column":15},"end":{"line":190,"column":15}},"type":"cond-expr","locations":[{"start":{"line":185,"column":16},"end":{"line":187,"column":28}},{"start":{"line":189,"column":16},"end":{"line":189,"column":44}}],"line":184},"14":{"loc":{"start":{"line":192,"column":15},"end":{"line":206,"column":15}},"type":"cond-expr","locations":[{"start":{"line":193,"column":16},"end":{"line":195,"column":28}},{"start":{"line":197,"column":16},"end":{"line":205,"column":28}}],"line":192},"15":{"loc":{"start":{"line":198,"column":45},"end":{"line":198,"column":72}},"type":"binary-expr","locations":[{"start":{"line":198,"column":45},"end":{"line":198,"column":52}},{"start":{"line":198,"column":56},"end":{"line":198,"column":72}}],"line":198},"16":{"loc":{"start":{"line":203,"column":21},"end":{"line":203,"column":53}},"type":"cond-expr","locations":[{"start":{"line":203,"column":31},"end":{"line":203,"column":42}},{"start":{"line":203,"column":45},"end":{"line":203,"column":53}}],"line":203}},"s":{"0":2,"1":13,"2":13,"3":13,"4":13,"5":13,"6":9,"7":4,"8":4,"9":13,"10":0,"11":0,"12":13,"13":0,"14":0,"15":0,"16":13,"17":0,"18":0,"19":0,"20":13,"21":0,"22":0,"23":0,"24":0,"25":0,"26":0,"27":0,"28":0,"29":0,"30":0,"31":13,"32":5,"33":8,"34":16,"35":80,"36":0,"37":8,"38":0,"39":0,"40":0,"41":8,"42":2},"f":{"0":13,"1":9,"2":0,"3":0,"4":0,"5":0,"6":0,"7":0,"8":0,"9":16,"10":80,"11":0,"12":0,"13":0,"14":0},"b":{"0":[4,5],"1":[0,0],"2":[0,0],"3":[0,0],"4":[5,8],"5":[80,0],"6":[80,0],"7":[0],"8":[0],"9":[8,0],"10":[8,8],"11":[8,0],"12":[8,0],"13":[0,8],"14":[8,0],"15":[0,0],"16":[0,0]},"_coverageSchema":"1a1c01bbd47fc00a2c39e90264f33305004495a9","hash":"71ed6638aba775b80ab5d8500534c41e9b0805b2"}
,"D:\\CareWave\\e23-co2060-stress-detection-and-analyzing-system\\mobile\\components\\SafeScreen.jsx": {"path":"D:\\CareWave\\e23-co2060-stress-detection-and-analyzing-system\\mobile\\components\\SafeScreen.jsx","statementMap":{"0":{"start":{"line":5,"column":2},"end":{"line":5,"column":58}},"1":{"start":{"line":8,"column":15},"end":{"line":13,"column":2}}},"fnMap":{"0":{"name":"SafeScreen","decl":{"start":{"line":4,"column":24},"end":{"line":4,"column":34}},"loc":{"start":{"line":4,"column":49},"end":{"line":6,"column":1}},"line":4}},"branchMap":{},"s":{"0":4,"1":1},"f":{"0":4},"b":{},"_coverageSchema":"1a1c01bbd47fc00a2c39e90264f33305004495a9","hash":"5dcf479abe932d19ec27f214098dc4b4d5369ee8"}
,"D:\\CareWave\\e23-co2060-stress-detection-and-analyzing-system\\mobile\\constants\\api.js": {"path":"D:\\CareWave\\e23-co2060-stress-detection-and-analyzing-system\\mobile\\constants\\api.js","statementMap":{"0":{"start":{"line":5,"column":22},"end":{"line":5,"column":53}},"1":{"start":{"line":6,"column":2},"end":{"line":6,"column":57}},"2":{"start":{"line":6,"column":19},"end":{"line":6,"column":57}},"3":{"start":{"line":8,"column":18},"end":{"line":8,"column":47}},"4":{"start":{"line":9,"column":2},"end":{"line":12,"column":3}},"5":{"start":{"line":10,"column":22},"end":{"line":10,"column":65}},"6":{"start":{"line":11,"column":4},"end":{"line":11,"column":65}},"7":{"start":{"line":11,"column":24},"end":{"line":11,"column":65}},"8":{"start":{"line":15,"column":2},"end":{"line":18,"column":3}},"9":{"start":{"line":16,"column":21},"end":{"line":16,"column":73}},"10":{"start":{"line":17,"column":4},"end":{"line":17,"column":41}},"11":{"start":{"line":20,"column":2},"end":{"line":20,"column":91}},"12":{"start":{"line":23,"column":23},"end":{"line":23,"column":39}},"13":{"start":{"line":26,"column":21},"end":{"line":26,"column":42}},"14":{"start":{"line":27,"column":20},"end":{"line":27,"column":67}},"15":{"start":{"line":27,"column":37},"end":{"line":27,"column":55}},"16":{"start":{"line":28,"column":2},"end":{"line":32,"column":3}},"17":{"start":{"line":29,"column":4},"end":{"line":29,"column":71}},"18":{"start":{"line":31,"column":4},"end":{"line":31,"column":28}}},"fnMap":{"0":{"name":"resolveApiHost","decl":{"start":{"line":4,"column":9},"end":{"line":4,"column":23}},"loc":{"start":{"line":4,"column":26},"end":{"line":21,"column":1}},"line":4},"1":{"name":"fetchWithTimeout","decl":{"start":{"line":25,"column":22},"end":{"line":25,"column":38}},"loc":{"start":{"line":25,"column":77},"end":{"line":33,"column":1}},"line":25},"2":{"name":"(anonymous_2)","decl":{"start":{"line":27,"column":31},"end":{"line":27,"column":32}},"loc":{"start":{"line":27,"column":37},"end":{"line":27,"column":55}},"line":27}},"branchMap":{"0":{"loc":{"start":{"line":6,"column":2},"end":{"line":6,"column":57}},"type":"if","locations":[{"start":{"line":6,"column":2},"end":{"line":6,"column":57}},{"start":{},"end":{}}],"line":6},"1":{"loc":{"start":{"line":9,"column":2},"end":{"line":12,"column":3}},"type":"if","locations":[{"start":{"line":9,"column":2},"end":{"line":12,"column":3}},{"start":{},"end":{}}],"line":9},"2":{"loc":{"start":{"line":11,"column":4},"end":{"line":11,"column":65}},"type":"if","locations":[{"start":{"line":11,"column":4},"end":{"line":11,"column":65}},{"start":{},"end":{}}],"line":11},"3":{"loc":{"start":{"line":15,"column":2},"end":{"line":18,"column":3}},"type":"if","locations":[{"start":{"line":15,"column":2},"end":{"line":18,"column":3}},{"start":{},"end":{}}],"line":15},"4":{"loc":{"start":{"line":16,"column":21},"end":{"line":16,"column":73}},"type":"cond-expr","locations":[{"start":{"line":16,"column":49},"end":{"line":16,"column":59}},{"start":{"line":16,"column":62},"end":{"line":16,"column":73}}],"line":16},"5":{"loc":{"start":{"line":25,"column":44},"end":{"line":25,"column":56}},"type":"default-arg","locations":[{"start":{"line":25,"column":54},"end":{"line":25,"column":56}}],"line":25},"6":{"loc":{"start":{"line":25,"column":58},"end":{"line":25,"column":75}},"type":"default-arg","locations":[{"start":{"line":25,"column":70},"end":{"line":25,"column":75}}],"line":25}},"s":{"0":2,"1":2,"2":0,"3":2,"4":2,"5":0,"6":0,"7":0,"8":2,"9":2,"10":2,"11":0,"12":2,"13":0,"14":0,"15":0,"16":0,"17":0,"18":0},"f":{"0":2,"1":0,"2":0},"b":{"0":[0,2],"1":[0,2],"2":[0,0],"3":[2,0],"4":[0,2],"5":[0],"6":[0]},"_coverageSchema":"1a1c01bbd47fc00a2c39e90264f33305004495a9","hash":"96cf656757ff777fb9f5d200d4b6e1820152f61a"}
,"D:\\CareWave\\e23-co2060-stress-detection-and-analyzing-system\\mobile\\constants\\colors.js": {"path":"D:\\CareWave\\e23-co2060-stress-detection-and-analyzing-system\\mobile\\constants\\colors.js","statementMap":{"0":{"start":{"line":34,"column":15},"end":{"line":46,"column":1}}},"fnMap":{},"branchMap":{},"s":{"0":2},"f":{},"b":{},"_coverageSchema":"1a1c01bbd47fc00a2c39e90264f33305004495a9","hash":"6803b9c2c9c60d00a0dce6fd8378bae4e2602de4"}
,"D:\\CareWave\\e23-co2060-stress-detection-and-analyzing-system\\mobile\\src\\screens\\HomeScreen.jsx": {"path":"D:\\CareWave\\e23-co2060-stress-detection-and-analyzing-system\\mobile\\src\\screens\\HomeScreen.jsx","statementMap":{"0":{"start":{"line":12,"column":22},"end":{"line":53,"column":1}},"1":{"start":{"line":55,"column":22},"end":{"line":86,"column":1}},"2":{"start":{"line":88,"column":28},"end":{"line":109,"column":1}},"3":{"start":{"line":112,"column":2},"end":{"line":112,"column":42}},"4":{"start":{"line":112,"column":17},"end":{"line":112,"column":42}},"5":{"start":{"line":113,"column":2},"end":{"line":113,"column":45}},"6":{"start":{"line":113,"column":17},"end":{"line":113,"column":45}},"7":{"start":{"line":114,"column":2},"end":{"line":114,"column":27}},"8":{"start":{"line":118,"column":15},"end":{"line":118,"column":33}},"9":{"start":{"line":119,"column":16},"end":{"line":119,"column":60}},"10":{"start":{"line":120,"column":14},"end":{"line":120,"column":53}},"11":{"start":{"line":121,"column":2},"end":{"line":121,"column":35}},"12":{"start":{"line":125,"column":13},"end":{"line":125,"column":14}},"13":{"start":{"line":127,"column":2},"end":{"line":129,"column":3}},"14":{"start":{"line":127,"column":19},"end":{"line":127,"column":20}},"15":{"start":{"line":128,"column":4},"end":{"line":128,"column":55}},"16":{"start":{"line":131,"column":2},"end":{"line":131,"column":14}},"17":{"start":{"line":135,"column":2},"end":{"line":135,"column":33}},"18":{"start":{"line":135,"column":21},"end":{"line":135,"column":33}},"19":{"start":{"line":136,"column":16},"end":{"line":136,"column":65}},"20":{"start":{"line":137,"column":2},"end":{"line":137,"column":22}},"21":{"start":{"line":141,"column":2},"end":{"line":149,"column":4}},"22":{"start":{"line":153,"column":2},"end":{"line":178,"column":4}},"23":{"start":{"line":158,"column":30},"end":{"line":165,"column":7}},"24":{"start":{"line":182,"column":21},"end":{"line":182,"column":36}},"25":{"start":{"line":183,"column":20},"end":{"line":183,"column":41}},"26":{"start":{"line":184,"column":15},"end":{"line":184,"column":50}},"27":{"start":{"line":184,"column":39},"end":{"line":184,"column":49}},"28":{"start":{"line":186,"column":19},"end":{"line":186,"column":72}},"29":{"start":{"line":186,"column":33},"end":{"line":186,"column":67}},"30":{"start":{"line":187,"column":18},"end":{"line":187,"column":64}},"31":{"start":{"line":187,"column":32},"end":{"line":187,"column":59}},"32":{"start":{"line":188,"column":19},"end":{"line":188,"column":85}},"33":{"start":{"line":188,"column":33},"end":{"line":188,"column":73}},"34":{"start":{"line":189,"column":21},"end":{"line":189,"column":93}},"35":{"start":{"line":189,"column":35},"end":{"line":189,"column":81}},"36":{"start":{"line":190,"column":22},"end":{"line":190,"column":62}},"37":{"start":{"line":192,"column":50},"end":{"line":192,"column":71}},"38":{"start":{"line":194,"column":2},"end":{"line":213,"column":13}},"39":{"start":{"line":196,"column":6},"end":{"line":196,"column":24}},"40":{"start":{"line":196,"column":17},"end":{"line":196,"column":24}},"41":{"start":{"line":197,"column":6},"end":{"line":210,"column":7}},"42":{"start":{"line":198,"column":22},"end":{"line":198,"column":51}},"43":{"start":{"line":199,"column":20},"end":{"line":201,"column":10}},"44":{"start":{"line":202,"column":8},"end":{"line":207,"column":9}},"45":{"start":{"line":203,"column":23},"end":{"line":203,"column":39}},"46":{"start":{"line":204,"column":10},"end":{"line":206,"column":11}},"47":{"start":{"line":205,"column":12},"end":{"line":205,"column":38}},"48":{"start":{"line":209,"column":8},"end":{"line":209,"column":62}},"49":{"start":{"line":212,"column":4},"end":{"line":212,"column":27}},"50":{"start":{"line":215,"column":40},"end":{"line":215,"column":60}},"51":{"start":{"line":217,"column":2},"end":{"line":237,"column":13}},"52":{"start":{"line":219,"column":6},"end":{"line":219,"column":24}},"53":{"start":{"line":219,"column":17},"end":{"line":219,"column":24}},"54":{"start":{"line":220,"column":6},"end":{"line":234,"column":7}},"55":{"start":{"line":221,"column":22},"end":{"line":221,"column":51}},"56":{"start":{"line":222,"column":20},"end":{"line":224,"column":10}},"57":{"start":{"line":225,"column":8},"end":{"line":231,"column":9}},"58":{"start":{"line":226,"column":23},"end":{"line":226,"column":39}},"59":{"start":{"line":227,"column":30},"end":{"line":227,"column":98}},"60":{"start":{"line":227,"column":59},"end":{"line":227,"column":97}},"61":{"start":{"line":228,"column":10},"end":{"line":230,"column":11}},"62":{"start":{"line":229,"column":12},"end":{"line":229,"column":40}},"63":{"start":{"line":233,"column":8},"end":{"line":233,"column":59}},"64":{"start":{"line":236,"column":4},"end":{"line":236,"column":25}},"65":{"start":{"line":239,"column":25},"end":{"line":239,"column":62}},"66":{"start":{"line":240,"column":22},"end":{"line":240,"column":60}},"67":{"start":{"line":241,"column":21},"end":{"line":241,"column":58}},"68":{"start":{"line":242,"column":18},"end":{"line":242,"column":55}},"69":{"start":{"line":243,"column":20},"end":{"line":243,"column":57}},"70":{"start":{"line":245,"column":2},"end":{"line":283,"column":48}},"71":{"start":{"line":246,"column":4},"end":{"line":259,"column":15}},"72":{"start":{"line":261,"column":23},"end":{"line":276,"column":5}},"73":{"start":{"line":278,"column":4},"end":{"line":278,"column":23}},"74":{"start":{"line":280,"column":4},"end":{"line":282,"column":6}},"75":{"start":{"line":281,"column":6},"end":{"line":281,"column":24}},"76":{"start":{"line":285,"column":2},"end":{"line":293,"column":26}},"77":{"start":{"line":286,"column":4},"end":{"line":286,"column":24}},"78":{"start":{"line":287,"column":4},"end":{"line":292,"column":15}},"79":{"start":{"line":295,"column":2},"end":{"line":303,"column":30}},"80":{"start":{"line":296,"column":4},"end":{"line":296,"column":26}},"81":{"start":{"line":297,"column":4},"end":{"line":302,"column":15}},"82":{"start":{"line":305,"column":27},"end":{"line":305,"column":63}},"83":{"start":{"line":307,"column":24},"end":{"line":310,"column":4}},"84":{"start":{"line":312,"column":26},"end":{"line":315,"column":4}},"85":{"start":{"line":317,"column":25},"end":{"line":320,"column":4}},"86":{"start":{"line":322,"column":21},"end":{"line":325,"column":4}},"87":{"start":{"line":327,"column":2},"end":{"line":439,"column":4}},"88":{"start":{"line":377,"column":38},"end":{"line":377,"column":58}},"89":{"start":{"line":387,"column":14},"end":{"line":392,"column":16}},"90":{"start":{"line":391,"column":31},"end":{"line":391,"column":62}},"91":{"start":{"line":435,"column":23},"end":{"line":435,"column":49}},"92":{"start":{"line":436,"column":25},"end":{"line":436,"column":51}}},"fnMap":{"0":{"name":"getGreeting","decl":{"start":{"line":111,"column":9},"end":{"line":111,"column":20}},"loc":{"start":{"line":111,"column":27},"end":{"line":115,"column":1}},"line":111},"1":{"name":"getLocalDateKey","decl":{"start":{"line":117,"column":9},"end":{"line":117,"column":24}},"loc":{"start":{"line":117,"column":31},"end":{"line":122,"column":1}},"line":117},"2":{"name":"hashString","decl":{"start":{"line":124,"column":9},"end":{"line":124,"column":19}},"loc":{"start":{"line":124,"column":27},"end":{"line":132,"column":1}},"line":124},"3":{"name":"pickDailyItem","decl":{"start":{"line":134,"column":9},"end":{"line":134,"column":22}},"loc":{"start":{"line":134,"column":51},"end":{"line":138,"column":1}},"line":134},"4":{"name":"SectionHeading","decl":{"start":{"line":140,"column":9},"end":{"line":140,"column":23}},"loc":{"start":{"line":140,"column":50},"end":{"line":150,"column":1}},"line":140},"5":{"name":"QuickActionCard","decl":{"start":{"line":152,"column":9},"end":{"line":152,"column":24}},"loc":{"start":{"line":152,"column":51},"end":{"line":179,"column":1}},"line":152},"6":{"name":"(anonymous_6)","decl":{"start":{"line":158,"column":13},"end":{"line":158,"column":14}},"loc":{"start":{"line":158,"column":30},"end":{"line":165,"column":7}},"line":158},"7":{"name":"HomeScreen","decl":{"start":{"line":181,"column":24},"end":{"line":181,"column":34}},"loc":{"start":{"line":181,"column":37},"end":{"line":440,"column":1}},"line":181},"8":{"name":"(anonymous_8)","decl":{"start":{"line":184,"column":28},"end":{"line":184,"column":29}},"loc":{"start":{"line":184,"column":39},"end":{"line":184,"column":49}},"line":184},"9":{"name":"(anonymous_9)","decl":{"start":{"line":186,"column":27},"end":{"line":186,"column":28}},"loc":{"start":{"line":186,"column":33},"end":{"line":186,"column":67}},"line":186},"10":{"name":"(anonymous_10)","decl":{"start":{"line":187,"column":26},"end":{"line":187,"column":27}},"loc":{"start":{"line":187,"column":32},"end":{"line":187,"column":59}},"line":187},"11":{"name":"(anonymous_11)","decl":{"start":{"line":188,"column":27},"end":{"line":188,"column":28}},"loc":{"start":{"line":188,"column":33},"end":{"line":188,"column":73}},"line":188},"12":{"name":"(anonymous_12)","decl":{"start":{"line":189,"column":29},"end":{"line":189,"column":30}},"loc":{"start":{"line":189,"column":35},"end":{"line":189,"column":81}},"line":189},"13":{"name":"(anonymous_13)","decl":{"start":{"line":194,"column":12},"end":{"line":194,"column":13}},"loc":{"start":{"line":194,"column":18},"end":{"line":213,"column":3}},"line":194},"14":{"name":"checkDailySubmission","decl":{"start":{"line":195,"column":19},"end":{"line":195,"column":39}},"loc":{"start":{"line":195,"column":42},"end":{"line":211,"column":5}},"line":195},"15":{"name":"(anonymous_15)","decl":{"start":{"line":217,"column":12},"end":{"line":217,"column":13}},"loc":{"start":{"line":217,"column":18},"end":{"line":237,"column":3}},"line":217},"16":{"name":"fetchNotifications","decl":{"start":{"line":218,"column":19},"end":{"line":218,"column":37}},"loc":{"start":{"line":218,"column":40},"end":{"line":235,"column":5}},"line":218},"17":{"name":"(anonymous_17)","decl":{"start":{"line":227,"column":54},"end":{"line":227,"column":55}},"loc":{"start":{"line":227,"column":59},"end":{"line":227,"column":97}},"line":227},"18":{"name":"(anonymous_18)","decl":{"start":{"line":245,"column":12},"end":{"line":245,"column":13}},"loc":{"start":{"line":245,"column":18},"end":{"line":283,"column":3}},"line":245},"19":{"name":"(anonymous_19)","decl":{"start":{"line":280,"column":11},"end":{"line":280,"column":12}},"loc":{"start":{"line":280,"column":17},"end":{"line":282,"column":5}},"line":280},"20":{"name":"(anonymous_20)","decl":{"start":{"line":285,"column":12},"end":{"line":285,"column":13}},"loc":{"start":{"line":285,"column":18},"end":{"line":293,"column":3}},"line":285},"21":{"name":"(anonymous_21)","decl":{"start":{"line":295,"column":12},"end":{"line":295,"column":13}},"loc":{"start":{"line":295,"column":18},"end":{"line":303,"column":3}},"line":295},"22":{"name":"(anonymous_22)","decl":{"start":{"line":377,"column":32},"end":{"line":377,"column":33}},"loc":{"start":{"line":377,"column":38},"end":{"line":377,"column":58}},"line":377},"23":{"name":"(anonymous_23)","decl":{"start":{"line":386,"column":31},"end":{"line":386,"column":32}},"loc":{"start":{"line":387,"column":14},"end":{"line":392,"column":16}},"line":387},"24":{"name":"(anonymous_24)","decl":{"start":{"line":391,"column":25},"end":{"line":391,"column":26}},"loc":{"start":{"line":391,"column":31},"end":{"line":391,"column":62}},"line":391},"25":{"name":"(anonymous_25)","decl":{"start":{"line":435,"column":17},"end":{"line":435,"column":18}},"loc":{"start":{"line":435,"column":23},"end":{"line":435,"column":49}},"line":435},"26":{"name":"(anonymous_26)","decl":{"start":{"line":436,"column":19},"end":{"line":436,"column":20}},"loc":{"start":{"line":436,"column":25},"end":{"line":436,"column":51}},"line":436}},"branchMap":{"0":{"loc":{"start":{"line":112,"column":2},"end":{"line":112,"column":42}},"type":"if","locations":[{"start":{"line":112,"column":2},"end":{"line":112,"column":42}},{"start":{},"end":{}}],"line":112},"1":{"loc":{"start":{"line":113,"column":2},"end":{"line":113,"column":45}},"type":"if","locations":[{"start":{"line":113,"column":2},"end":{"line":113,"column":45}},{"start":{},"end":{}}],"line":113},"2":{"loc":{"start":{"line":134,"column":39},"end":{"line":134,"column":49}},"type":"default-arg","locations":[{"start":{"line":134,"column":48},"end":{"line":134,"column":49}}],"line":134},"3":{"loc":{"start":{"line":135,"column":2},"end":{"line":135,"column":33}},"type":"if","locations":[{"start":{"line":135,"column":2},"end":{"line":135,"column":33}},{"start":{},"end":{}}],"line":135},"4":{"loc":{"start":{"line":144,"column":9},"end":{"line":144,"column":78}},"type":"cond-expr","locations":[{"start":{"line":144,"column":19},"end":{"line":144,"column":71}},{"start":{"line":144,"column":74},"end":{"line":144,"column":78}}],"line":144},"5":{"loc":{"start":{"line":147,"column":7},"end":{"line":147,"column":67}},"type":"cond-expr","locations":[{"start":{"line":147,"column":14},"end":{"line":147,"column":60}},{"start":{"line":147,"column":63},"end":{"line":147,"column":67}}],"line":147},"6":{"loc":{"start":{"line":164,"column":8},"end":{"line":164,"column":49}},"type":"cond-expr","locations":[{"start":{"line":164,"column":18},"end":{"line":164,"column":42}},{"start":{"line":164,"column":45},"end":{"line":164,"column":49}}],"line":164},"7":{"loc":{"start":{"line":190,"column":22},"end":{"line":190,"column":62}},"type":"binary-expr","locations":[{"start":{"line":190,"column":22},"end":{"line":190,"column":36}},{"start":{"line":190,"column":40},"end":{"line":190,"column":50}},{"start":{"line":190,"column":54},"end":{"line":190,"column":62}}],"line":190},"8":{"loc":{"start":{"line":196,"column":6},"end":{"line":196,"column":24}},"type":"if","locations":[{"start":{"line":196,"column":6},"end":{"line":196,"column":24}},{"start":{},"end":{}}],"line":196},"9":{"loc":{"start":{"line":202,"column":8},"end":{"line":207,"column":9}},"type":"if","locations":[{"start":{"line":202,"column":8},"end":{"line":207,"column":9}},{"start":{},"end":{}}],"line":202},"10":{"loc":{"start":{"line":204,"column":10},"end":{"line":206,"column":11}},"type":"if","locations":[{"start":{"line":204,"column":10},"end":{"line":206,"column":11}},{"start":{},"end":{}}],"line":204},"11":{"loc":{"start":{"line":219,"column":6},"end":{"line":219,"column":24}},"type":"if","locations":[{"start":{"line":219,"column":6},"end":{"line":219,"column":24}},{"start":{},"end":{}}],"line":219},"12":{"loc":{"start":{"line":225,"column":8},"end":{"line":231,"column":9}},"type":"if","locations":[{"start":{"line":225,"column":8},"end":{"line":231,"column":9}},{"start":{},"end":{}}],"line":225},"13":{"loc":{"start":{"line":227,"column":59},"end":{"line":227,"column":97}},"type":"binary-expr","locations":[{"start":{"line":227,"column":59},"end":{"line":227,"column":84}},{"start":{"line":227,"column":88},"end":{"line":227,"column":97}}],"line":227},"14":{"loc":{"start":{"line":228,"column":10},"end":{"line":230,"column":11}},"type":"if","locations":[{"start":{"line":228,"column":10},"end":{"line":230,"column":11}},{"start":{},"end":{}}],"line":228},"15":{"loc":{"start":{"line":368,"column":9},"end":{"line":381,"column":9}},"type":"binary-expr","locations":[{"start":{"line":368,"column":9},"end":{"line":368,"column":20}},{"start":{"line":369,"column":10},"end":{"line":380,"column":17}}],"line":368},"16":{"loc":{"start":{"line":403,"column":31},"end":{"line":403,"column":68}},"type":"binary-expr","locations":[{"start":{"line":403,"column":31},"end":{"line":403,"column":55}},{"start":{"line":403,"column":59},"end":{"line":403,"column":68}}],"line":403},"17":{"loc":{"start":{"line":407,"column":66},"end":{"line":407,"column":95}},"type":"binary-expr","locations":[{"start":{"line":407,"column":66},"end":{"line":407,"column":82}},{"start":{"line":407,"column":86},"end":{"line":407,"column":95}}],"line":407},"18":{"loc":{"start":{"line":408,"column":28},"end":{"line":408,"column":60}},"type":"binary-expr","locations":[{"start":{"line":408,"column":28},"end":{"line":408,"column":42}},{"start":{"line":408,"column":46},"end":{"line":408,"column":60}}],"line":408},"19":{"loc":{"start":{"line":408,"column":79},"end":{"line":408,"column":108}},"type":"binary-expr","locations":[{"start":{"line":408,"column":79},"end":{"line":408,"column":95}},{"start":{"line":408,"column":99},"end":{"line":408,"column":108}}],"line":408}},"s":{"0":1,"1":1,"2":1,"3":4,"4":0,"5":4,"6":0,"7":4,"8":4,"9":4,"10":4,"11":4,"12":8,"13":8,"14":8,"15":96,"16":8,"17":8,"18":0,"19":8,"20":8,"21":4,"22":16,"23":16,"24":4,"25":4,"26":4,"27":4,"28":4,"29":4,"30":4,"31":4,"32":4,"33":4,"34":4,"35":4,"36":4,"37":4,"38":4,"39":4,"40":0,"41":4,"42":4,"43":4,"44":4,"45":4,"46":4,"47":0,"48":0,"49":4,"50":4,"51":4,"52":4,"53":0,"54":4,"55":4,"56":4,"57":4,"58":4,"59":4,"60":0,"61":4,"62":0,"63":0,"64":4,"65":4,"66":4,"67":4,"68":4,"69":4,"70":4,"71":4,"72":4,"73":4,"74":4,"75":4,"76":4,"77":4,"78":4,"79":4,"80":4,"81":4,"82":4,"83":4,"84":4,"85":4,"86":4,"87":4,"88":0,"89":16,"90":1,"91":0,"92":0},"f":{"0":4,"1":4,"2":8,"3":8,"4":4,"5":16,"6":16,"7":4,"8":4,"9":4,"10":4,"11":4,"12":4,"13":4,"14":4,"15":4,"16":4,"17":0,"18":4,"19":4,"20":4,"21":4,"22":0,"23":16,"24":1,"25":0,"26":0},"b":{"0":[0,4],"1":[0,4],"2":[0],"3":[0,8],"4":[4,0],"5":[4,0],"6":[0,16],"7":[4,0,0],"8":[0,4],"9":[4,0],"10":[0,4],"11":[0,4],"12":[4,0],"13":[0,0],"14":[0,4],"15":[4,0],"16":[4,0],"17":[4,0],"18":[4,0],"19":[4,0]},"_coverageSchema":"1a1c01bbd47fc00a2c39e90264f33305004495a9","hash":"c70341e38fbbfaa55fcbcdabc8e65713004d41c4"}
}
