TN:
SF:assets\styles\home.styles.js
FNF:0
FNH:0
DA:5,1
LF:1
LH:1
BRF:0
BRH:0
end_of_record
TN:
SF:components\DailyCheckInCard.jsx
FN:19,DailyCheckInCard
FN:34,(anonymous_1)
FN:48,(anonymous_2)
FN:49,(anonymous_3)
FN:52,(anonymous_4)
FN:53,(anonymous_5)
FN:56,(anonymous_6)
FN:57,(anonymous_7)
FN:60,(anonymous_8)
FN:88,(anonymous_9)
FN:92,(anonymous_10)
FN:99,(anonymous_11)
FN:119,(anonymous_12)
FN:125,(anonymous_13)
FN:134,(anonymous_14)
FNF:15
FNH:4
FNDA:13,DailyCheckInCard
FNDA:9,(anonymous_1)
FNDA:0,(anonymous_2)
FNDA:0,(anonymous_3)
FNDA:0,(anonymous_4)
FNDA:0,(anonymous_5)
FNDA:0,(anonymous_6)
FNDA:0,(anonymous_7)
FNDA:0,(anonymous_8)
FNDA:16,(anonymous_9)
FNDA:80,(anonymous_10)
FNDA:0,(anonymous_11)
FNDA:0,(anonymous_12)
FNDA:0,(anonymous_13)
FNDA:0,(anonymous_14)
DA:17,2
DA:20,13
DA:21,13
DA:22,13
DA:24,13
DA:34,13
DA:35,9
DA:36,4
DA:37,4
DA:48,13
DA:49,0
DA:52,13
DA:53,0
DA:56,13
DA:57,0
DA:60,13
DA:61,0
DA:62,0
DA:63,0
DA:72,0
DA:73,0
DA:75,0
DA:76,0
DA:79,0
DA:80,0
DA:82,0
DA:86,13
DA:88,8
DA:89,16
DA:93,80
DA:99,0
DA:119,8
DA:120,0
DA:125,0
DA:134,0
DA:142,8
DA:215,2
LF:37
LH:20
BRDA:35,0,0,4
BRDA:35,0,1,5
BRDA:53,1,0,0
BRDA:53,1,1,0
BRDA:57,2,0,0
BRDA:57,2,1,0
BRDA:72,3,0,0
BRDA:72,3,1,0
BRDA:86,4,0,5
BRDA:86,4,1,8
BRDA:97,5,0,80
BRDA:97,5,1,0
BRDA:104,6,0,80
BRDA:104,6,1,0
BRDA:119,7,0,0
BRDA:119,8,0,0
BRDA:146,9,0,8
BRDA:146,9,1,0
BRDA:158,10,0,8
BRDA:158,10,1,8
BRDA:166,11,0,8
BRDA:166,11,1,0
BRDA:174,12,0,8
BRDA:174,12,1,0
BRDA:184,13,0,0
BRDA:184,13,1,8
BRDA:192,14,0,8
BRDA:192,14,1,0
BRDA:198,15,0,0
BRDA:198,15,1,0
BRDA:203,16,0,0
BRDA:203,16,1,0
BRF:32
BRH:13
end_of_record
TN:
SF:components\SafeScreen.jsx
FN:4,SafeScreen
FNF:1
FNH:1
FNDA:4,SafeScreen
DA:5,4
DA:8,1
LF:2
LH:2
BRF:0
BRH:0
end_of_record
TN:
SF:constants\api.js
FN:4,resolveApiHost
FN:25,fetchWithTimeout
FN:27,(anonymous_2)
FNF:3
FNH:1
FNDA:2,resolveApiHost
FNDA:0,fetchWithTimeout
FNDA:0,(anonymous_2)
DA:5,2
DA:6,2
DA:8,2
DA:9,2
DA:10,0
DA:11,0
DA:15,2
DA:16,2
DA:17,2
DA:20,0
DA:23,2
DA:26,0
DA:27,0
DA:28,0
DA:29,0
DA:31,0
LF:16
LH:8
BRDA:6,0,0,0
BRDA:6,0,1,2
BRDA:9,1,0,0
BRDA:9,1,1,2
BRDA:11,2,0,0
BRDA:11,2,1,0
BRDA:15,3,0,2
BRDA:15,3,1,0
BRDA:16,4,0,0
BRDA:16,4,1,2
BRDA:25,5,0,0
BRDA:25,6,0,0
BRF:12
BRH:4
end_of_record
TN:
SF:constants\colors.js
FNF:0
FNH:0
DA:34,2
LF:1
LH:1
BRF:0
BRH:0
end_of_record
TN:
SF:src\screens\HomeScreen.jsx
FN:111,getGreeting
FN:117,getLocalDateKey
FN:124,hashString
FN:134,pickDailyItem
FN:140,SectionHeading
FN:152,QuickActionCard
FN:158,(anonymous_6)
FN:181,HomeScreen
FN:184,(anonymous_8)
FN:186,(anonymous_9)
FN:187,(anonymous_10)
FN:188,(anonymous_11)
FN:189,(anonymous_12)
FN:194,(anonymous_13)
FN:195,checkDailySubmission
FN:217,(anonymous_15)
FN:218,fetchNotifications
FN:227,(anonymous_17)
FN:245,(anonymous_18)
FN:280,(anonymous_19)
FN:285,(anonymous_20)
FN:295,(anonymous_21)
FN:377,(anonymous_22)
FN:386,(anonymous_23)
FN:391,(anonymous_24)
FN:435,(anonymous_25)
FN:436,(anonymous_26)
FNF:27
FNH:23
FNDA:4,getGreeting
FNDA:4,getLocalDateKey
FNDA:8,hashString
FNDA:8,pickDailyItem
FNDA:4,SectionHeading
FNDA:16,QuickActionCard
FNDA:16,(anonymous_6)
FNDA:4,HomeScreen
FNDA:4,(anonymous_8)
FNDA:4,(anonymous_9)
FNDA:4,(anonymous_10)
FNDA:4,(anonymous_11)
FNDA:4,(anonymous_12)
FNDA:4,(anonymous_13)
FNDA:4,checkDailySubmission
FNDA:4,(anonymous_15)
FNDA:4,fetchNotifications
FNDA:0,(anonymous_17)
FNDA:4,(anonymous_18)
FNDA:4,(anonymous_19)
FNDA:4,(anonymous_20)
FNDA:4,(anonymous_21)
FNDA:0,(anonymous_22)
FNDA:16,(anonymous_23)
FNDA:1,(anonymous_24)
FNDA:0,(anonymous_25)
FNDA:0,(anonymous_26)
DA:12,1
DA:55,1
DA:88,1
DA:112,4
DA:113,4
DA:114,4
DA:118,4
DA:119,4
DA:120,4
DA:121,4
DA:125,8
DA:127,8
DA:128,96
DA:131,8
DA:135,8
DA:136,8
DA:137,8
DA:141,4
DA:153,16
DA:158,16
DA:182,4
DA:183,4
DA:184,4
DA:186,4
DA:187,4
DA:188,4
DA:189,4
DA:190,4
DA:192,4
DA:194,4
DA:196,4
DA:197,4
DA:198,4
DA:199,4
DA:202,4
DA:203,4
DA:204,4
DA:205,0
DA:209,0
DA:212,4
DA:215,4
DA:217,4
DA:219,4
DA:220,4
DA:221,4
DA:222,4
DA:225,4
DA:226,4
DA:227,4
DA:228,4
DA:229,0
DA:233,0
DA:236,4
DA:239,4
DA:240,4
DA:241,4
DA:242,4
DA:243,4
DA:245,4
DA:246,4
DA:261,4
DA:278,4
DA:280,4
DA:281,4
DA:285,4
DA:286,4
DA:287,4
DA:295,4
DA:296,4
DA:297,4
DA:305,4
DA:307,4
DA:312,4
DA:317,4
DA:322,4
DA:327,4
DA:377,0
DA:387,16
DA:391,1
DA:435,0
DA:436,0
LF:81
LH:74
BRDA:112,0,0,0
BRDA:112,0,1,4
BRDA:113,1,0,0
BRDA:113,1,1,4
BRDA:134,2,0,0
BRDA:135,3,0,0
BRDA:135,3,1,8
BRDA:144,4,0,4
BRDA:144,4,1,0
BRDA:147,5,0,4
BRDA:147,5,1,0
BRDA:164,6,0,0
BRDA:164,6,1,16
BRDA:190,7,0,4
BRDA:190,7,1,0
BRDA:190,7,2,0
BRDA:196,8,0,0
BRDA:196,8,1,4
BRDA:202,9,0,4
BRDA:202,9,1,0
BRDA:204,10,0,0
BRDA:204,10,1,4
BRDA:219,11,0,0
BRDA:219,11,1,4
BRDA:225,12,0,4
BRDA:225,12,1,0
BRDA:227,13,0,0
BRDA:227,13,1,0
BRDA:228,14,0,0
BRDA:228,14,1,4
BRDA:368,15,0,4
BRDA:368,15,1,0
BRDA:403,16,0,4
BRDA:403,16,1,0
BRDA:407,17,0,4
BRDA:407,17,1,0
BRDA:408,18,0,4
BRDA:408,18,1,0
BRDA:408,19,0,4
BRDA:408,19,1,0
BRF:40
BRH:18
end_of_record
